<?xml version="1.0" encoding="UTF-8"?>
<testsuite name="Agregar producto a carrito de compras" tests="1" skipped="0" failures="0" errors="0" timestamp="2019-08-09T16:40:13" hostname="SBMEDLAPPROJM36" time="56.961">
  <properties/>
  <testcase name="Pruducto agregado exitosamente" classname="Agregar producto a carrito de compras" time="56.961"/>
  <system-out><![CDATA[Led 43" Ultra HD Ai Smart TV - 43UK6200PSA
Led 43" Ultra HD Ai Smart TV - 43UK6200PSA
]]></system-out>
  <system-err><![CDATA[ago 09, 2019 11:40:13 AM org.openqa.selenium.remote.DesiredCapabilities chrome
INFORMACIÓN: Using `new ChromeOptions()` is preferred to `DesiredCapabilities.chrome()`
Starting ChromeDriver 76.0.3809.68 (420c9498db8ce8fcd190a954d51297672c1515d5-refs/branch-heads/3809@{#864}) on port 43774
Only local connections are allowed.
Please protect ports used by ChromeDriver and related test frameworks to prevent access by malicious code.
[1565368817.937][WARNING]: Timed out connecting to Chrome, retrying...
ago 09, 2019 11:40:19 AM org.openqa.selenium.remote.ProtocolHandshake createSession
INFORMACIÓN: Detected dialect: W3C
[1565368822.019][WARNING]: Timed out connecting to Chrome, retrying...
[Test worker] INFO net.thucydides.core.steps.ConsoleLoggingListener - 
        __    _____ _____ ____ _____   ____   _    ____  ____  _____ ____  
  _     \ \  |_   _| ____/ ___|_   _| |  _ \ / \  / ___|/ ___|| ____|  _ \ 
 (_)_____| |   | | |  _| \___ \ | |   | |_) / _ \ \___ \\___ \|  _| | | | |
  _|_____| |   | | | |___ ___) || |   |  __/ ___ \ ___) |___) | |___| |_| |
 (_)     | |   |_| |_____|____/ |_|   |_| /_/   \_\____/|____/|_____|____/ 
        /_/                                                                

TEST PASSED: Pruducto agregado exitosamente
----------------------------------------------------------------------------
]]></system-err>
</testsuite>
