<?xml version="1.0" encoding="UTF-8"?>
<testsuite name="Google Translate" tests="1" skipped="0" failures="0" errors="0" timestamp="2019-08-08T19:58:57" hostname="SBMEDLAPPROJM36" time="29.034">
  <properties/>
  <testcase name="translate from english to spanish" classname="Google Translate" time="29.034"/>
  <system-out><![CDATA[queso
]]></system-out>
  <system-err><![CDATA[ago 08, 2019 2:58:58 PM org.openqa.selenium.remote.DesiredCapabilities chrome
INFORMACIÓN: Using `new ChromeOptions()` is preferred to `DesiredCapabilities.chrome()`
Starting ChromeDriver 76.0.3809.68 (420c9498db8ce8fcd190a954d51297672c1515d5-refs/branch-heads/3809@{#864}) on port 3294
Only local connections are allowed.
Please protect ports used by ChromeDriver and related test frameworks to prevent access by malicious code.
[1565294344.843][WARNING]: Timed out connecting to Chrome, retrying...
ago 08, 2019 2:59:06 PM org.openqa.selenium.remote.ProtocolHandshake createSession
INFORMACIÓN: Detected dialect: W3C
[Test worker] INFO net.thucydides.core.steps.ConsoleLoggingListener - 
        __    _____ _____ ____ _____   ____   _    ____  ____  _____ ____  
  _     \ \  |_   _| ____/ ___|_   _| |  _ \ / \  / ___|/ ___|| ____|  _ \ 
 (_)_____| |   | | |  _| \___ \ | |   | |_) / _ \ \___ \\___ \|  _| | | | |
  _|_____| |   | | | |___ ___) || |   |  __/ ___ \ ___) |___) | |___| |_| |
 (_)     | |   |_| |_____|____/ |_|   |_| /_/   \_\____/|____/|_____|____/ 
        /_/                                                                

TEST PASSED: translate from english to spanish
----------------------------------------------------------------------------
]]></system-err>
</testsuite>
